mode: set
github.com/Paul1k96/microservices_course_chat_service/cmd/main.go:11.13,16.16 4 0
github.com/Paul1k96/microservices_course_chat_service/cmd/main.go:16.16,19.3 2 0
github.com/Paul1k96/microservices_course_chat_service/cmd/main.go:21.2,21.31 1 0
github.com/Paul1k96/microservices_course_chat_service/cmd/main.go:21.31,24.3 2 0
github.com/Paul1k96/microservices_course_chat_service/internal/api/chat/v1/create_chat.go:13.113,19.16 3 0
github.com/Paul1k96/microservices_course_chat_service/internal/api/chat/v1/create_chat.go:19.16,22.3 2 0
github.com/Paul1k96/microservices_course_chat_service/internal/api/chat/v1/create_chat.go:24.2,24.53 1 0
github.com/Paul1k96/microservices_course_chat_service/internal/api/chat/v1/delete_chat.go:13.113,19.16 3 0
github.com/Paul1k96/microservices_course_chat_service/internal/api/chat/v1/delete_chat.go:19.16,22.3 2 0
github.com/Paul1k96/microservices_course_chat_service/internal/api/chat/v1/delete_chat.go:24.2,24.36 1 0
github.com/Paul1k96/microservices_course_chat_service/internal/api/chat/v1/send_message.go:16.38,23.16 3 0
github.com/Paul1k96/microservices_course_chat_service/internal/api/chat/v1/send_message.go:23.16,26.3 2 0
github.com/Paul1k96/microservices_course_chat_service/internal/api/chat/v1/send_message.go:28.2,28.41 1 0
github.com/Paul1k96/microservices_course_chat_service/internal/api/chat/v1/service.go:18.94,20.2 1 0
github.com/Paul1k96/microservices_course_chat_service/internal/model/chat.go:16.34,18.2 1 0
github.com/Paul1k96/microservices_course_chat_service/internal/model/user.go:14.34,16.2 1 0
github.com/Paul1k96/microservices_course_chat_service/internal/model/user.go:22.38,24.25 2 0
github.com/Paul1k96/microservices_course_chat_service/internal/model/user.go:24.25,26.3 1 0
github.com/Paul1k96/microservices_course_chat_service/internal/model/user.go:28.2,28.15 1 0
github.com/Paul1k96/microservices_course_chat_service/internal/model/user.go:35.41,36.25 1 0
github.com/Paul1k96/microservices_course_chat_service/internal/model/user.go:36.25,38.3 1 0
github.com/Paul1k96/microservices_course_chat_service/internal/model/user.go:42.30,44.25 2 0
github.com/Paul1k96/microservices_course_chat_service/internal/model/user.go:44.25,46.3 1 0
github.com/Paul1k96/microservices_course_chat_service/internal/model/user.go:48.2,48.12 1 0
github.com/Paul1k96/microservices_course_chat_service/internal/mapper/chat.go:9.73,13.2 1 0
github.com/Paul1k96/microservices_course_chat_service/internal/mapper/chat.go:16.73,18.33 2 0
github.com/Paul1k96/microservices_course_chat_service/internal/mapper/chat.go:18.33,20.3 1 0
github.com/Paul1k96/microservices_course_chat_service/internal/mapper/chat.go:22.2,22.15 1 0
github.com/Paul1k96/microservices_course_chat_service/internal/mapper/message.go:9.83,15.29 5 0
github.com/Paul1k96/microservices_course_chat_service/internal/mapper/message.go:15.29,17.3 1 0
github.com/Paul1k96/microservices_course_chat_service/internal/mapper/message.go:19.2,19.17 1 0
github.com/Paul1k96/microservices_course_chat_service/internal/repository/chat/repository.go:33.42,35.2 1 0
github.com/Paul1k96/microservices_course_chat_service/internal/repository/chat/repository.go:38.72,46.16 3 0
github.com/Paul1k96/microservices_course_chat_service/internal/repository/chat/repository.go:46.16,48.3 1 0
github.com/Paul1k96/microservices_course_chat_service/internal/repository/chat/repository.go:50.2,57.16 4 0
github.com/Paul1k96/microservices_course_chat_service/internal/repository/chat/repository.go:57.16,59.3 1 0
github.com/Paul1k96/microservices_course_chat_service/internal/repository/chat/repository.go:61.2,61.20 1 0
github.com/Paul1k96/microservices_course_chat_service/internal/repository/chat/repository.go:65.80,70.32 2 0
github.com/Paul1k96/microservices_course_chat_service/internal/repository/chat/repository.go:70.32,72.3 1 0
github.com/Paul1k96/microservices_course_chat_service/internal/repository/chat/repository.go:74.2,75.16 2 0
github.com/Paul1k96/microservices_course_chat_service/internal/repository/chat/repository.go:75.16,77.3 1 0
github.com/Paul1k96/microservices_course_chat_service/internal/repository/chat/repository.go:79.2,85.16 3 0
github.com/Paul1k96/microservices_course_chat_service/internal/repository/chat/repository.go:85.16,87.3 1 0
github.com/Paul1k96/microservices_course_chat_service/internal/repository/chat/repository.go:89.2,89.12 1 0
github.com/Paul1k96/microservices_course_chat_service/internal/repository/chat/repository.go:93.73,99.16 3 0
github.com/Paul1k96/microservices_course_chat_service/internal/repository/chat/repository.go:99.16,101.3 1 0
github.com/Paul1k96/microservices_course_chat_service/internal/repository/chat/repository.go:103.2,109.16 3 0
github.com/Paul1k96/microservices_course_chat_service/internal/repository/chat/repository.go:109.16,111.3 1 0
github.com/Paul1k96/microservices_course_chat_service/internal/repository/chat/repository.go:113.2,113.12 1 0
github.com/Paul1k96/microservices_course_chat_service/internal/app/app.go:24.69,30.16 3 0
github.com/Paul1k96/microservices_course_chat_service/internal/app/app.go:30.16,32.3 1 0
github.com/Paul1k96/microservices_course_chat_service/internal/app/app.go:34.2,34.15 1 0
github.com/Paul1k96/microservices_course_chat_service/internal/app/app.go:38.27,39.15 1 0
github.com/Paul1k96/microservices_course_chat_service/internal/app/app.go:39.15,42.3 2 0
github.com/Paul1k96/microservices_course_chat_service/internal/app/app.go:44.2,44.26 1 0
github.com/Paul1k96/microservices_course_chat_service/internal/app/app.go:47.51,53.26 2 0
github.com/Paul1k96/microservices_course_chat_service/internal/app/app.go:53.26,55.17 2 0
github.com/Paul1k96/microservices_course_chat_service/internal/app/app.go:55.17,57.4 1 0
github.com/Paul1k96/microservices_course_chat_service/internal/app/app.go:60.2,60.12 1 0
github.com/Paul1k96/microservices_course_chat_service/internal/app/app.go:63.60,66.2 2 0
github.com/Paul1k96/microservices_course_chat_service/internal/app/app.go:68.57,72.16 3 0
github.com/Paul1k96/microservices_course_chat_service/internal/app/app.go:72.16,74.3 1 0
github.com/Paul1k96/microservices_course_chat_service/internal/app/app.go:76.2,79.12 3 0
github.com/Paul1k96/microservices_course_chat_service/internal/app/app.go:82.37,88.16 3 0
github.com/Paul1k96/microservices_course_chat_service/internal/app/app.go:88.16,90.3 1 0
github.com/Paul1k96/microservices_course_chat_service/internal/app/app.go:92.2,92.47 1 0
github.com/Paul1k96/microservices_course_chat_service/internal/app/app.go:92.47,94.3 1 0
github.com/Paul1k96/microservices_course_chat_service/internal/app/app.go:96.2,96.12 1 0
github.com/Paul1k96/microservices_course_chat_service/internal/app/service_provider.go:43.63,45.2 1 0
github.com/Paul1k96/microservices_course_chat_service/internal/app/service_provider.go:48.54,49.23 1 0
github.com/Paul1k96/microservices_course_chat_service/internal/app/service_provider.go:49.23,51.3 1 0
github.com/Paul1k96/microservices_course_chat_service/internal/app/service_provider.go:53.2,53.19 1 0
github.com/Paul1k96/microservices_course_chat_service/internal/app/service_provider.go:57.58,58.31 1 0
github.com/Paul1k96/microservices_course_chat_service/internal/app/service_provider.go:58.31,60.3 1 0
github.com/Paul1k96/microservices_course_chat_service/internal/app/service_provider.go:62.2,62.27 1 0
github.com/Paul1k96/microservices_course_chat_service/internal/app/service_provider.go:66.76,67.23 1 0
github.com/Paul1k96/microservices_course_chat_service/internal/app/service_provider.go:67.23,74.17 3 0
github.com/Paul1k96/microservices_course_chat_service/internal/app/service_provider.go:74.17,76.4 1 0
github.com/Paul1k96/microservices_course_chat_service/internal/app/service_provider.go:78.3,79.17 2 0
github.com/Paul1k96/microservices_course_chat_service/internal/app/service_provider.go:79.17,81.4 1 0
github.com/Paul1k96/microservices_course_chat_service/internal/app/service_provider.go:82.3,84.18 2 0
github.com/Paul1k96/microservices_course_chat_service/internal/app/service_provider.go:87.2,87.24 1 0
github.com/Paul1k96/microservices_course_chat_service/internal/app/service_provider.go:91.73,92.25 1 0
github.com/Paul1k96/microservices_course_chat_service/internal/app/service_provider.go:92.25,101.17 3 0
github.com/Paul1k96/microservices_course_chat_service/internal/app/service_provider.go:101.17,103.4 1 0
github.com/Paul1k96/microservices_course_chat_service/internal/app/service_provider.go:105.3,105.50 1 0
github.com/Paul1k96/microservices_course_chat_service/internal/app/service_provider.go:108.2,108.26 1 0
github.com/Paul1k96/microservices_course_chat_service/internal/app/service_provider.go:112.80,113.24 1 0
github.com/Paul1k96/microservices_course_chat_service/internal/app/service_provider.go:113.24,115.17 2 0
github.com/Paul1k96/microservices_course_chat_service/internal/app/service_provider.go:115.17,117.4 1 0
github.com/Paul1k96/microservices_course_chat_service/internal/app/service_provider.go:118.3,118.65 1 0
github.com/Paul1k96/microservices_course_chat_service/internal/app/service_provider.go:121.2,121.25 1 0
github.com/Paul1k96/microservices_course_chat_service/internal/app/service_provider.go:125.98,126.29 1 0
github.com/Paul1k96/microservices_course_chat_service/internal/app/service_provider.go:126.29,128.17 2 0
github.com/Paul1k96/microservices_course_chat_service/internal/app/service_provider.go:128.17,130.4 1 0
github.com/Paul1k96/microservices_course_chat_service/internal/app/service_provider.go:131.3,131.59 1 0
github.com/Paul1k96/microservices_course_chat_service/internal/app/service_provider.go:134.2,134.30 1 0
github.com/Paul1k96/microservices_course_chat_service/internal/app/service_provider.go:138.104,139.32 1 0
github.com/Paul1k96/microservices_course_chat_service/internal/app/service_provider.go:139.32,141.17 2 0
github.com/Paul1k96/microservices_course_chat_service/internal/app/service_provider.go:141.17,143.4 1 0
github.com/Paul1k96/microservices_course_chat_service/internal/app/service_provider.go:144.3,144.65 1 0
github.com/Paul1k96/microservices_course_chat_service/internal/app/service_provider.go:147.2,147.33 1 0
github.com/Paul1k96/microservices_course_chat_service/internal/app/service_provider.go:151.96,152.29 1 0
github.com/Paul1k96/microservices_course_chat_service/internal/app/service_provider.go:152.29,154.17 2 0
github.com/Paul1k96/microservices_course_chat_service/internal/app/service_provider.go:154.17,156.4 1 0
github.com/Paul1k96/microservices_course_chat_service/internal/app/service_provider.go:157.3,157.52 1 0
github.com/Paul1k96/microservices_course_chat_service/internal/app/service_provider.go:160.2,160.30 1 0
github.com/Paul1k96/microservices_course_chat_service/internal/app/service_provider.go:164.89,165.26 1 0
github.com/Paul1k96/microservices_course_chat_service/internal/app/service_provider.go:165.26,167.17 2 0
github.com/Paul1k96/microservices_course_chat_service/internal/app/service_provider.go:167.17,169.4 1 0
github.com/Paul1k96/microservices_course_chat_service/internal/app/service_provider.go:170.3,171.17 2 0
github.com/Paul1k96/microservices_course_chat_service/internal/app/service_provider.go:171.17,173.4 1 0
github.com/Paul1k96/microservices_course_chat_service/internal/app/service_provider.go:174.3,175.17 2 0
github.com/Paul1k96/microservices_course_chat_service/internal/app/service_provider.go:175.17,177.4 1 0
github.com/Paul1k96/microservices_course_chat_service/internal/app/service_provider.go:178.3,179.17 2 0
github.com/Paul1k96/microservices_course_chat_service/internal/app/service_provider.go:179.17,181.4 1 0
github.com/Paul1k96/microservices_course_chat_service/internal/app/service_provider.go:182.3,182.99 1 0
github.com/Paul1k96/microservices_course_chat_service/internal/app/service_provider.go:185.2,185.27 1 0
github.com/Paul1k96/microservices_course_chat_service/internal/app/service_provider.go:189.91,190.25 1 0
github.com/Paul1k96/microservices_course_chat_service/internal/app/service_provider.go:190.25,192.17 2 0
github.com/Paul1k96/microservices_course_chat_service/internal/app/service_provider.go:192.17,194.4 1 0
github.com/Paul1k96/microservices_course_chat_service/internal/app/service_provider.go:195.3,195.65 1 0
github.com/Paul1k96/microservices_course_chat_service/internal/app/service_provider.go:198.2,198.26 1 0
github.com/Paul1k96/microservices_course_chat_service/internal/config/env/grpc.go:26.40,36.2 6 0
github.com/Paul1k96/microservices_course_chat_service/internal/config/env/grpc.go:39.54,41.2 1 0
github.com/Paul1k96/microservices_course_chat_service/internal/config/env/grpc.go:44.52,46.2 1 0
github.com/Paul1k96/microservices_course_chat_service/internal/config/env/postgres.go:28.36,38.2 7 0
github.com/Paul1k96/microservices_course_chat_service/internal/config/env/postgres.go:41.36,46.2 2 0
github.com/Paul1k96/microservices_course_chat_service/internal/config/env/redis.go:28.51,35.16 5 0
github.com/Paul1k96/microservices_course_chat_service/internal/config/env/redis.go:35.16,37.3 1 0
github.com/Paul1k96/microservices_course_chat_service/internal/config/env/redis.go:38.2,41.16 3 0
github.com/Paul1k96/microservices_course_chat_service/internal/config/env/redis.go:41.16,43.3 1 0
github.com/Paul1k96/microservices_course_chat_service/internal/config/env/redis.go:44.2,47.16 3 0
github.com/Paul1k96/microservices_course_chat_service/internal/config/env/redis.go:47.16,49.3 1 0
github.com/Paul1k96/microservices_course_chat_service/internal/config/env/redis.go:50.2,52.18 2 0
github.com/Paul1k96/microservices_course_chat_service/internal/config/env/redis.go:56.43,58.2 1 0
github.com/Paul1k96/microservices_course_chat_service/internal/config/env/redis.go:61.60,63.2 1 0
github.com/Paul1k96/microservices_course_chat_service/internal/config/env/redis.go:66.40,68.2 1 0
github.com/Paul1k96/microservices_course_chat_service/internal/config/env/redis.go:71.54,73.2 1 0
github.com/Paul1k96/microservices_course_chat_service/internal/repository/message/repository.go:28.42,30.2 1 0
github.com/Paul1k96/microservices_course_chat_service/internal/repository/message/repository.go:33.80,40.16 3 0
github.com/Paul1k96/microservices_course_chat_service/internal/repository/message/repository.go:40.16,42.3 1 0
github.com/Paul1k96/microservices_course_chat_service/internal/repository/message/repository.go:44.2,50.16 3 0
github.com/Paul1k96/microservices_course_chat_service/internal/repository/message/repository.go:50.16,52.3 1 0
github.com/Paul1k96/microservices_course_chat_service/internal/repository/message/repository.go:54.2,54.12 1 0
github.com/Paul1k96/microservices_course_chat_service/internal/repository/user/mapper/user.go:9.81,11.31 2 0
github.com/Paul1k96/microservices_course_chat_service/internal/repository/user/mapper/user.go:11.31,13.3 1 0
github.com/Paul1k96/microservices_course_chat_service/internal/repository/user/mapper/user.go:15.2,15.14 1 0
github.com/Paul1k96/microservices_course_chat_service/internal/repository/user/mapper/user.go:19.73,24.2 1 0
github.com/Paul1k96/microservices_course_chat_service/internal/service/chat/create_chat.go:11.92,14.77 2 0
github.com/Paul1k96/microservices_course_chat_service/internal/service/chat/create_chat.go:14.77,17.17 2 0
github.com/Paul1k96/microservices_course_chat_service/internal/service/chat/create_chat.go:17.17,19.4 1 0
github.com/Paul1k96/microservices_course_chat_service/internal/service/chat/create_chat.go:21.3,22.17 2 0
github.com/Paul1k96/microservices_course_chat_service/internal/service/chat/create_chat.go:22.17,24.4 1 0
github.com/Paul1k96/microservices_course_chat_service/internal/service/chat/create_chat.go:26.3,29.17 3 0
github.com/Paul1k96/microservices_course_chat_service/internal/service/chat/create_chat.go:29.17,31.4 1 0
github.com/Paul1k96/microservices_course_chat_service/internal/service/chat/create_chat.go:33.3,33.13 1 0
github.com/Paul1k96/microservices_course_chat_service/internal/service/chat/create_chat.go:34.19,36.3 1 0
github.com/Paul1k96/microservices_course_chat_service/internal/service/chat/create_chat.go:38.2,38.20 1 0
github.com/Paul1k96/microservices_course_chat_service/internal/service/chat/create_chat.go:41.93,43.16 2 0
github.com/Paul1k96/microservices_course_chat_service/internal/service/chat/create_chat.go:43.16,45.3 1 0
github.com/Paul1k96/microservices_course_chat_service/internal/service/chat/create_chat.go:47.2,47.19 1 0
github.com/Paul1k96/microservices_course_chat_service/internal/service/chat/delete_chat.go:10.74,12.16 2 0
github.com/Paul1k96/microservices_course_chat_service/internal/service/chat/delete_chat.go:12.16,14.3 1 0
github.com/Paul1k96/microservices_course_chat_service/internal/service/chat/delete_chat.go:16.2,16.12 1 0
github.com/Paul1k96/microservices_course_chat_service/internal/service/chat/send_message.go:11.82,14.2 2 0
github.com/Paul1k96/microservices_course_chat_service/internal/service/chat/service.go:22.19,29.2 1 0
github.com/Paul1k96/microservices_course_chat_service/internal/repository/user/repository.go:18.64,20.2 1 0
github.com/Paul1k96/microservices_course_chat_service/internal/repository/user/repository.go:23.85,25.16 2 0
github.com/Paul1k96/microservices_course_chat_service/internal/repository/user/repository.go:25.16,27.3 1 0
github.com/Paul1k96/microservices_course_chat_service/internal/repository/user/repository.go:29.2,29.48 1 0
github.com/Paul1k96/microservices_course_chat_service/internal/repository/user/repository.go:33.88,35.16 2 0
github.com/Paul1k96/microservices_course_chat_service/internal/repository/user/repository.go:35.16,37.3 1 0
github.com/Paul1k96/microservices_course_chat_service/internal/repository/user/repository.go:39.2,39.50 1 0
github.com/Paul1k96/microservices_course_chat_service/internal/repository/mocks/repository.go:33.73,37.2 3 0
github.com/Paul1k96/microservices_course_chat_service/internal/repository/mocks/repository.go:40.71,42.2 1 0
github.com/Paul1k96/microservices_course_chat_service/internal/repository/mocks/repository.go:45.85,50.2 4 0
github.com/Paul1k96/microservices_course_chat_service/internal/repository/mocks/repository.go:53.81,56.2 2 0
github.com/Paul1k96/microservices_course_chat_service/internal/repository/mocks/repository.go:59.80,65.2 5 0
github.com/Paul1k96/microservices_course_chat_service/internal/repository/mocks/repository.go:68.72,71.2 2 0
github.com/Paul1k96/microservices_course_chat_service/internal/repository/mocks/repository.go:74.85,79.2 4 0
github.com/Paul1k96/microservices_course_chat_service/internal/repository/mocks/repository.go:82.80,85.2 2 0
github.com/Paul1k96/microservices_course_chat_service/internal/repository/mocks/repository.go:100.79,104.2 3 0
github.com/Paul1k96/microservices_course_chat_service/internal/repository/mocks/repository.go:107.77,109.2 1 0
github.com/Paul1k96/microservices_course_chat_service/internal/repository/mocks/repository.go:112.91,117.2 4 0
github.com/Paul1k96/microservices_course_chat_service/internal/repository/mocks/repository.go:120.84,123.2 2 0
github.com/Paul1k96/microservices_course_chat_service/internal/repository/mocks/repository.go:138.73,142.2 3 0
github.com/Paul1k96/microservices_course_chat_service/internal/repository/mocks/repository.go:145.71,147.2 1 0
github.com/Paul1k96/microservices_course_chat_service/internal/repository/mocks/repository.go:150.93,156.2 5 0
github.com/Paul1k96/microservices_course_chat_service/internal/repository/mocks/repository.go:159.73,162.2 2 0
github.com/Paul1k96/microservices_course_chat_service/internal/repository/mocks/repository.go:165.96,171.2 5 0
github.com/Paul1k96/microservices_course_chat_service/internal/repository/mocks/repository.go:174.75,177.2 2 0
github.com/Paul1k96/microservices_course_chat_service/internal/testmodel/chat.go:11.28,21.2 4 0
github.com/Paul1k96/microservices_course_chat_service/internal/testmodel/message.go:11.34,23.2 4 0
github.com/Paul1k96/microservices_course_chat_service/internal/testmodel/user.go:9.41,11.32 2 0
github.com/Paul1k96/microservices_course_chat_service/internal/testmodel/user.go:11.32,13.3 1 0
github.com/Paul1k96/microservices_course_chat_service/internal/testmodel/user.go:15.2,15.12 1 0
github.com/Paul1k96/microservices_course_chat_service/internal/testmodel/user.go:19.28,29.2 4 0
github.com/Paul1k96/microservices_course_chat_service/pkg/proto/gen/chat_v1/chat.pb.go:33.33,35.29 2 0
github.com/Paul1k96/microservices_course_chat_service/pkg/proto/gen/chat_v1/chat.pb.go:35.29,39.3 3 0
github.com/Paul1k96/microservices_course_chat_service/pkg/proto/gen/chat_v1/chat.pb.go:42.41,44.2 1 0
github.com/Paul1k96/microservices_course_chat_service/pkg/proto/gen/chat_v1/chat.pb.go:46.39,46.40 0 0
github.com/Paul1k96/microservices_course_chat_service/pkg/proto/gen/chat_v1/chat.pb.go:48.61,50.41 2 0
github.com/Paul1k96/microservices_course_chat_service/pkg/proto/gen/chat_v1/chat.pb.go:50.41,52.34 2 0
github.com/Paul1k96/microservices_course_chat_service/pkg/proto/gen/chat_v1/chat.pb.go:52.34,54.4 1 0
github.com/Paul1k96/microservices_course_chat_service/pkg/proto/gen/chat_v1/chat.pb.go:55.3,55.12 1 0
github.com/Paul1k96/microservices_course_chat_service/pkg/proto/gen/chat_v1/chat.pb.go:57.2,57.24 1 0
github.com/Paul1k96/microservices_course_chat_service/pkg/proto/gen/chat_v1/chat.pb.go:61.52,63.2 1 0
github.com/Paul1k96/microservices_course_chat_service/pkg/proto/gen/chat_v1/chat.pb.go:65.46,66.14 1 0
github.com/Paul1k96/microservices_course_chat_service/pkg/proto/gen/chat_v1/chat.pb.go:66.14,68.3 1 0
github.com/Paul1k96/microservices_course_chat_service/pkg/proto/gen/chat_v1/chat.pb.go:69.2,69.12 1 0
github.com/Paul1k96/microservices_course_chat_service/pkg/proto/gen/chat_v1/chat.pb.go:80.34,82.29 2 0
github.com/Paul1k96/microservices_course_chat_service/pkg/proto/gen/chat_v1/chat.pb.go:82.29,86.3 3 0
github.com/Paul1k96/microservices_course_chat_service/pkg/proto/gen/chat_v1/chat.pb.go:89.42,91.2 1 0
github.com/Paul1k96/microservices_course_chat_service/pkg/proto/gen/chat_v1/chat.pb.go:93.40,93.41 0 0
github.com/Paul1k96/microservices_course_chat_service/pkg/proto/gen/chat_v1/chat.pb.go:95.62,97.41 2 0
github.com/Paul1k96/microservices_course_chat_service/pkg/proto/gen/chat_v1/chat.pb.go:97.41,99.34 2 0
github.com/Paul1k96/microservices_course_chat_service/pkg/proto/gen/chat_v1/chat.pb.go:99.34,101.4 1 0
github.com/Paul1k96/microservices_course_chat_service/pkg/proto/gen/chat_v1/chat.pb.go:102.3,102.12 1 0
github.com/Paul1k96/microservices_course_chat_service/pkg/proto/gen/chat_v1/chat.pb.go:104.2,104.24 1 0
github.com/Paul1k96/microservices_course_chat_service/pkg/proto/gen/chat_v1/chat.pb.go:108.53,110.2 1 0
github.com/Paul1k96/microservices_course_chat_service/pkg/proto/gen/chat_v1/chat.pb.go:112.40,113.14 1 0
github.com/Paul1k96/microservices_course_chat_service/pkg/proto/gen/chat_v1/chat.pb.go:113.14,115.3 1 0
github.com/Paul1k96/microservices_course_chat_service/pkg/proto/gen/chat_v1/chat.pb.go:116.2,116.10 1 0
github.com/Paul1k96/microservices_course_chat_service/pkg/proto/gen/chat_v1/chat.pb.go:127.33,129.29 2 0
github.com/Paul1k96/microservices_course_chat_service/pkg/proto/gen/chat_v1/chat.pb.go:129.29,133.3 3 0
github.com/Paul1k96/microservices_course_chat_service/pkg/proto/gen/chat_v1/chat.pb.go:136.41,138.2 1 0
github.com/Paul1k96/microservices_course_chat_service/pkg/proto/gen/chat_v1/chat.pb.go:140.39,140.40 0 0
github.com/Paul1k96/microservices_course_chat_service/pkg/proto/gen/chat_v1/chat.pb.go:142.61,144.41 2 0
github.com/Paul1k96/microservices_course_chat_service/pkg/proto/gen/chat_v1/chat.pb.go:144.41,146.34 2 0
github.com/Paul1k96/microservices_course_chat_service/pkg/proto/gen/chat_v1/chat.pb.go:146.34,148.4 1 0
github.com/Paul1k96/microservices_course_chat_service/pkg/proto/gen/chat_v1/chat.pb.go:149.3,149.12 1 0
github.com/Paul1k96/microservices_course_chat_service/pkg/proto/gen/chat_v1/chat.pb.go:151.2,151.24 1 0
github.com/Paul1k96/microservices_course_chat_service/pkg/proto/gen/chat_v1/chat.pb.go:155.52,157.2 1 0
github.com/Paul1k96/microservices_course_chat_service/pkg/proto/gen/chat_v1/chat.pb.go:159.39,160.14 1 0
github.com/Paul1k96/microservices_course_chat_service/pkg/proto/gen/chat_v1/chat.pb.go:160.14,162.3 1 0
github.com/Paul1k96/microservices_course_chat_service/pkg/proto/gen/chat_v1/chat.pb.go:163.2,163.10 1 0
github.com/Paul1k96/microservices_course_chat_service/pkg/proto/gen/chat_v1/chat.pb.go:174.34,176.29 2 0
github.com/Paul1k96/microservices_course_chat_service/pkg/proto/gen/chat_v1/chat.pb.go:176.29,180.3 3 0
github.com/Paul1k96/microservices_course_chat_service/pkg/proto/gen/chat_v1/chat.pb.go:183.42,185.2 1 0
github.com/Paul1k96/microservices_course_chat_service/pkg/proto/gen/chat_v1/chat.pb.go:187.40,187.41 0 0
github.com/Paul1k96/microservices_course_chat_service/pkg/proto/gen/chat_v1/chat.pb.go:189.62,191.41 2 0
github.com/Paul1k96/microservices_course_chat_service/pkg/proto/gen/chat_v1/chat.pb.go:191.41,193.34 2 0
github.com/Paul1k96/microservices_course_chat_service/pkg/proto/gen/chat_v1/chat.pb.go:193.34,195.4 1 0
github.com/Paul1k96/microservices_course_chat_service/pkg/proto/gen/chat_v1/chat.pb.go:196.3,196.12 1 0
github.com/Paul1k96/microservices_course_chat_service/pkg/proto/gen/chat_v1/chat.pb.go:198.2,198.24 1 0
github.com/Paul1k96/microservices_course_chat_service/pkg/proto/gen/chat_v1/chat.pb.go:202.53,204.2 1 0
github.com/Paul1k96/microservices_course_chat_service/pkg/proto/gen/chat_v1/chat.pb.go:206.52,207.14 1 0
github.com/Paul1k96/microservices_course_chat_service/pkg/proto/gen/chat_v1/chat.pb.go:207.14,209.3 1 0
github.com/Paul1k96/microservices_course_chat_service/pkg/proto/gen/chat_v1/chat.pb.go:210.2,210.12 1 0
github.com/Paul1k96/microservices_course_chat_service/pkg/proto/gen/chat_v1/chat.pb.go:224.38,226.29 2 0
github.com/Paul1k96/microservices_course_chat_service/pkg/proto/gen/chat_v1/chat.pb.go:226.29,230.3 3 0
github.com/Paul1k96/microservices_course_chat_service/pkg/proto/gen/chat_v1/chat.pb.go:233.46,235.2 1 0
github.com/Paul1k96/microservices_course_chat_service/pkg/proto/gen/chat_v1/chat.pb.go:237.44,237.45 0 0
github.com/Paul1k96/microservices_course_chat_service/pkg/proto/gen/chat_v1/chat.pb.go:239.66,241.41 2 0
github.com/Paul1k96/microservices_course_chat_service/pkg/proto/gen/chat_v1/chat.pb.go:241.41,243.34 2 0
github.com/Paul1k96/microservices_course_chat_service/pkg/proto/gen/chat_v1/chat.pb.go:243.34,245.4 1 0
github.com/Paul1k96/microservices_course_chat_service/pkg/proto/gen/chat_v1/chat.pb.go:246.3,246.12 1 0
github.com/Paul1k96/microservices_course_chat_service/pkg/proto/gen/chat_v1/chat.pb.go:248.2,248.24 1 0
github.com/Paul1k96/microservices_course_chat_service/pkg/proto/gen/chat_v1/chat.pb.go:252.57,254.2 1 0
github.com/Paul1k96/microservices_course_chat_service/pkg/proto/gen/chat_v1/chat.pb.go:256.48,257.14 1 0
github.com/Paul1k96/microservices_course_chat_service/pkg/proto/gen/chat_v1/chat.pb.go:257.14,259.3 1 0
github.com/Paul1k96/microservices_course_chat_service/pkg/proto/gen/chat_v1/chat.pb.go:260.2,260.10 1 0
github.com/Paul1k96/microservices_course_chat_service/pkg/proto/gen/chat_v1/chat.pb.go:263.46,264.14 1 0
github.com/Paul1k96/microservices_course_chat_service/pkg/proto/gen/chat_v1/chat.pb.go:264.14,266.3 1 0
github.com/Paul1k96/microservices_course_chat_service/pkg/proto/gen/chat_v1/chat.pb.go:267.2,267.10 1 0
github.com/Paul1k96/microservices_course_chat_service/pkg/proto/gen/chat_v1/chat.pb.go:270.47,271.14 1 0
github.com/Paul1k96/microservices_course_chat_service/pkg/proto/gen/chat_v1/chat.pb.go:271.14,273.3 1 0
github.com/Paul1k96/microservices_course_chat_service/pkg/proto/gen/chat_v1/chat.pb.go:274.2,274.11 1 0
github.com/Paul1k96/microservices_course_chat_service/pkg/proto/gen/chat_v1/chat.pb.go:277.68,278.14 1 0
github.com/Paul1k96/microservices_course_chat_service/pkg/proto/gen/chat_v1/chat.pb.go:278.14,280.3 1 0
github.com/Paul1k96/microservices_course_chat_service/pkg/proto/gen/chat_v1/chat.pb.go:281.2,281.12 1 0
github.com/Paul1k96/microservices_course_chat_service/pkg/proto/gen/chat_v1/chat.pb.go:292.39,294.29 2 0
github.com/Paul1k96/microservices_course_chat_service/pkg/proto/gen/chat_v1/chat.pb.go:294.29,298.3 3 0
github.com/Paul1k96/microservices_course_chat_service/pkg/proto/gen/chat_v1/chat.pb.go:301.47,303.2 1 0
github.com/Paul1k96/microservices_course_chat_service/pkg/proto/gen/chat_v1/chat.pb.go:305.45,305.46 0 0
github.com/Paul1k96/microservices_course_chat_service/pkg/proto/gen/chat_v1/chat.pb.go:307.67,309.41 2 0
github.com/Paul1k96/microservices_course_chat_service/pkg/proto/gen/chat_v1/chat.pb.go:309.41,311.34 2 0
github.com/Paul1k96/microservices_course_chat_service/pkg/proto/gen/chat_v1/chat.pb.go:311.34,313.4 1 0
github.com/Paul1k96/microservices_course_chat_service/pkg/proto/gen/chat_v1/chat.pb.go:314.3,314.12 1 0
github.com/Paul1k96/microservices_course_chat_service/pkg/proto/gen/chat_v1/chat.pb.go:316.2,316.24 1 0
github.com/Paul1k96/microservices_course_chat_service/pkg/proto/gen/chat_v1/chat.pb.go:320.58,322.2 1 0
github.com/Paul1k96/microservices_course_chat_service/pkg/proto/gen/chat_v1/chat.pb.go:324.57,325.14 1 0
github.com/Paul1k96/microservices_course_chat_service/pkg/proto/gen/chat_v1/chat.pb.go:325.14,327.3 1 0
github.com/Paul1k96/microservices_course_chat_service/pkg/proto/gen/chat_v1/chat.pb.go:328.2,328.12 1 0
github.com/Paul1k96/microservices_course_chat_service/pkg/proto/gen/chat_v1/chat.pb.go:389.51,390.48 1 0
github.com/Paul1k96/microservices_course_chat_service/pkg/proto/gen/chat_v1/chat.pb.go:390.48,392.3 1 0
github.com/Paul1k96/microservices_course_chat_service/pkg/proto/gen/chat_v1/chat.pb.go:393.2,393.44 1 0
github.com/Paul1k96/microservices_course_chat_service/pkg/proto/gen/chat_v1/chat.pb.go:424.13,424.47 1 0
github.com/Paul1k96/microservices_course_chat_service/pkg/proto/gen/chat_v1/chat.pb.go:425.37,426.36 1 0
github.com/Paul1k96/microservices_course_chat_service/pkg/proto/gen/chat_v1/chat.pb.go:426.36,428.3 1 0
github.com/Paul1k96/microservices_course_chat_service/pkg/proto/gen/chat_v1/chat.pb.go:429.2,429.30 1 0
github.com/Paul1k96/microservices_course_chat_service/pkg/proto/gen/chat_v1/chat.pb.go:429.30,430.89 1 0
github.com/Paul1k96/microservices_course_chat_service/pkg/proto/gen/chat_v1/chat.pb.go:430.89,431.38 1 0
github.com/Paul1k96/microservices_course_chat_service/pkg/proto/gen/chat_v1/chat.pb.go:432.11,433.20 1 0
github.com/Paul1k96/microservices_course_chat_service/pkg/proto/gen/chat_v1/chat.pb.go:434.11,435.24 1 0
github.com/Paul1k96/microservices_course_chat_service/pkg/proto/gen/chat_v1/chat.pb.go:436.11,437.28 1 0
github.com/Paul1k96/microservices_course_chat_service/pkg/proto/gen/chat_v1/chat.pb.go:438.12,439.15 1 0
github.com/Paul1k96/microservices_course_chat_service/pkg/proto/gen/chat_v1/chat.pb.go:442.3,442.89 1 0
github.com/Paul1k96/microservices_course_chat_service/pkg/proto/gen/chat_v1/chat.pb.go:442.89,443.39 1 0
github.com/Paul1k96/microservices_course_chat_service/pkg/proto/gen/chat_v1/chat.pb.go:444.11,445.20 1 0
github.com/Paul1k96/microservices_course_chat_service/pkg/proto/gen/chat_v1/chat.pb.go:446.11,447.24 1 0
github.com/Paul1k96/microservices_course_chat_service/pkg/proto/gen/chat_v1/chat.pb.go:448.11,449.28 1 0
github.com/Paul1k96/microservices_course_chat_service/pkg/proto/gen/chat_v1/chat.pb.go:450.12,451.15 1 0
github.com/Paul1k96/microservices_course_chat_service/pkg/proto/gen/chat_v1/chat.pb.go:454.3,454.89 1 0
github.com/Paul1k96/microservices_course_chat_service/pkg/proto/gen/chat_v1/chat.pb.go:454.89,455.38 1 0
github.com/Paul1k96/microservices_course_chat_service/pkg/proto/gen/chat_v1/chat.pb.go:456.11,457.20 1 0
github.com/Paul1k96/microservices_course_chat_service/pkg/proto/gen/chat_v1/chat.pb.go:458.11,459.24 1 0
github.com/Paul1k96/microservices_course_chat_service/pkg/proto/gen/chat_v1/chat.pb.go:460.11,461.28 1 0
github.com/Paul1k96/microservices_course_chat_service/pkg/proto/gen/chat_v1/chat.pb.go:462.12,463.15 1 0
github.com/Paul1k96/microservices_course_chat_service/pkg/proto/gen/chat_v1/chat.pb.go:466.3,466.89 1 0
github.com/Paul1k96/microservices_course_chat_service/pkg/proto/gen/chat_v1/chat.pb.go:466.89,467.39 1 0
github.com/Paul1k96/microservices_course_chat_service/pkg/proto/gen/chat_v1/chat.pb.go:468.11,469.20 1 0
github.com/Paul1k96/microservices_course_chat_service/pkg/proto/gen/chat_v1/chat.pb.go:470.11,471.24 1 0
github.com/Paul1k96/microservices_course_chat_service/pkg/proto/gen/chat_v1/chat.pb.go:472.11,473.28 1 0
github.com/Paul1k96/microservices_course_chat_service/pkg/proto/gen/chat_v1/chat.pb.go:474.12,475.15 1 0
github.com/Paul1k96/microservices_course_chat_service/pkg/proto/gen/chat_v1/chat.pb.go:478.3,478.89 1 0
github.com/Paul1k96/microservices_course_chat_service/pkg/proto/gen/chat_v1/chat.pb.go:478.89,479.43 1 0
github.com/Paul1k96/microservices_course_chat_service/pkg/proto/gen/chat_v1/chat.pb.go:480.11,481.20 1 0
github.com/Paul1k96/microservices_course_chat_service/pkg/proto/gen/chat_v1/chat.pb.go:482.11,483.24 1 0
github.com/Paul1k96/microservices_course_chat_service/pkg/proto/gen/chat_v1/chat.pb.go:484.11,485.28 1 0
github.com/Paul1k96/microservices_course_chat_service/pkg/proto/gen/chat_v1/chat.pb.go:486.12,487.15 1 0
github.com/Paul1k96/microservices_course_chat_service/pkg/proto/gen/chat_v1/chat.pb.go:490.3,490.89 1 0
github.com/Paul1k96/microservices_course_chat_service/pkg/proto/gen/chat_v1/chat.pb.go:490.89,491.44 1 0
github.com/Paul1k96/microservices_course_chat_service/pkg/proto/gen/chat_v1/chat.pb.go:492.11,493.20 1 0
github.com/Paul1k96/microservices_course_chat_service/pkg/proto/gen/chat_v1/chat.pb.go:494.11,495.24 1 0
github.com/Paul1k96/microservices_course_chat_service/pkg/proto/gen/chat_v1/chat.pb.go:496.11,497.28 1 0
github.com/Paul1k96/microservices_course_chat_service/pkg/proto/gen/chat_v1/chat.pb.go:498.12,499.15 1 0
github.com/Paul1k96/microservices_course_chat_service/pkg/proto/gen/chat_v1/chat.pb.go:503.2,520.39 6 0
github.com/Paul1k96/microservices_course_chat_service/pkg/proto/gen/chat_v1/chat_grpc.pb.go:34.60,36.2 1 0
github.com/Paul1k96/microservices_course_chat_service/pkg/proto/gen/chat_v1/chat_grpc.pb.go:38.119,41.16 3 0
github.com/Paul1k96/microservices_course_chat_service/pkg/proto/gen/chat_v1/chat_grpc.pb.go:41.16,43.3 1 0
github.com/Paul1k96/microservices_course_chat_service/pkg/proto/gen/chat_v1/chat_grpc.pb.go:44.2,44.17 1 0
github.com/Paul1k96/microservices_course_chat_service/pkg/proto/gen/chat_v1/chat_grpc.pb.go:47.119,50.16 3 0
github.com/Paul1k96/microservices_course_chat_service/pkg/proto/gen/chat_v1/chat_grpc.pb.go:50.16,52.3 1 0
github.com/Paul1k96/microservices_course_chat_service/pkg/proto/gen/chat_v1/chat_grpc.pb.go:53.2,53.17 1 0
github.com/Paul1k96/microservices_course_chat_service/pkg/proto/gen/chat_v1/chat_grpc.pb.go:56.134,59.16 3 0
github.com/Paul1k96/microservices_course_chat_service/pkg/proto/gen/chat_v1/chat_grpc.pb.go:59.16,61.3 1 0
github.com/Paul1k96/microservices_course_chat_service/pkg/proto/gen/chat_v1/chat_grpc.pb.go:62.2,62.17 1 0
github.com/Paul1k96/microservices_course_chat_service/pkg/proto/gen/chat_v1/chat_grpc.pb.go:79.97,81.2 1 0
github.com/Paul1k96/microservices_course_chat_service/pkg/proto/gen/chat_v1/chat_grpc.pb.go:82.97,84.2 1 0
github.com/Paul1k96/microservices_course_chat_service/pkg/proto/gen/chat_v1/chat_grpc.pb.go:85.112,87.2 1 0
github.com/Paul1k96/microservices_course_chat_service/pkg/proto/gen/chat_v1/chat_grpc.pb.go:88.68,88.69 0 0
github.com/Paul1k96/microservices_course_chat_service/pkg/proto/gen/chat_v1/chat_grpc.pb.go:97.66,99.2 1 0
github.com/Paul1k96/microservices_course_chat_service/pkg/proto/gen/chat_v1/chat_grpc.pb.go:101.156,103.32 2 0
github.com/Paul1k96/microservices_course_chat_service/pkg/proto/gen/chat_v1/chat_grpc.pb.go:103.32,105.3 1 0
github.com/Paul1k96/microservices_course_chat_service/pkg/proto/gen/chat_v1/chat_grpc.pb.go:106.2,106.24 1 0
github.com/Paul1k96/microservices_course_chat_service/pkg/proto/gen/chat_v1/chat_grpc.pb.go:106.24,108.3 1 0
github.com/Paul1k96/microservices_course_chat_service/pkg/proto/gen/chat_v1/chat_grpc.pb.go:109.2,113.77 2 0
github.com/Paul1k96/microservices_course_chat_service/pkg/proto/gen/chat_v1/chat_grpc.pb.go:113.77,115.3 1 0
github.com/Paul1k96/microservices_course_chat_service/pkg/proto/gen/chat_v1/chat_grpc.pb.go:116.2,116.44 1 0
github.com/Paul1k96/microservices_course_chat_service/pkg/proto/gen/chat_v1/chat_grpc.pb.go:119.156,121.32 2 0
github.com/Paul1k96/microservices_course_chat_service/pkg/proto/gen/chat_v1/chat_grpc.pb.go:121.32,123.3 1 0
github.com/Paul1k96/microservices_course_chat_service/pkg/proto/gen/chat_v1/chat_grpc.pb.go:124.2,124.24 1 0
github.com/Paul1k96/microservices_course_chat_service/pkg/proto/gen/chat_v1/chat_grpc.pb.go:124.24,126.3 1 0
github.com/Paul1k96/microservices_course_chat_service/pkg/proto/gen/chat_v1/chat_grpc.pb.go:127.2,131.77 2 0
github.com/Paul1k96/microservices_course_chat_service/pkg/proto/gen/chat_v1/chat_grpc.pb.go:131.77,133.3 1 0
github.com/Paul1k96/microservices_course_chat_service/pkg/proto/gen/chat_v1/chat_grpc.pb.go:134.2,134.44 1 0
github.com/Paul1k96/microservices_course_chat_service/pkg/proto/gen/chat_v1/chat_grpc.pb.go:137.161,139.32 2 0
github.com/Paul1k96/microservices_course_chat_service/pkg/proto/gen/chat_v1/chat_grpc.pb.go:139.32,141.3 1 0
github.com/Paul1k96/microservices_course_chat_service/pkg/proto/gen/chat_v1/chat_grpc.pb.go:142.2,142.24 1 0
github.com/Paul1k96/microservices_course_chat_service/pkg/proto/gen/chat_v1/chat_grpc.pb.go:142.24,144.3 1 0
github.com/Paul1k96/microservices_course_chat_service/pkg/proto/gen/chat_v1/chat_grpc.pb.go:145.2,149.77 2 0
github.com/Paul1k96/microservices_course_chat_service/pkg/proto/gen/chat_v1/chat_grpc.pb.go:149.77,151.3 1 0
github.com/Paul1k96/microservices_course_chat_service/pkg/proto/gen/chat_v1/chat_grpc.pb.go:152.2,152.44 1 0
github.com/Paul1k96/microservices_course_chat_service/internal/model/chat.go:16.34,18.2 1 0
github.com/Paul1k96/microservices_course_chat_service/internal/model/user.go:14.34,16.2 1 0
github.com/Paul1k96/microservices_course_chat_service/internal/model/user.go:22.38,24.25 2 0
github.com/Paul1k96/microservices_course_chat_service/internal/model/user.go:24.25,26.3 1 0
github.com/Paul1k96/microservices_course_chat_service/internal/model/user.go:28.2,28.15 1 0
github.com/Paul1k96/microservices_course_chat_service/internal/model/user.go:35.41,36.25 1 1
github.com/Paul1k96/microservices_course_chat_service/internal/model/user.go:36.25,38.3 1 1
github.com/Paul1k96/microservices_course_chat_service/internal/model/user.go:42.30,44.25 2 1
github.com/Paul1k96/microservices_course_chat_service/internal/model/user.go:44.25,46.3 1 1
github.com/Paul1k96/microservices_course_chat_service/internal/model/user.go:48.2,48.12 1 1
github.com/Paul1k96/microservices_course_chat_service/internal/repository/mocks/repository.go:33.73,37.2 3 1
github.com/Paul1k96/microservices_course_chat_service/internal/repository/mocks/repository.go:40.71,42.2 1 1
github.com/Paul1k96/microservices_course_chat_service/internal/repository/mocks/repository.go:45.85,50.2 4 1
github.com/Paul1k96/microservices_course_chat_service/internal/repository/mocks/repository.go:53.81,56.2 2 1
github.com/Paul1k96/microservices_course_chat_service/internal/repository/mocks/repository.go:59.80,65.2 5 1
github.com/Paul1k96/microservices_course_chat_service/internal/repository/mocks/repository.go:68.72,71.2 2 1
github.com/Paul1k96/microservices_course_chat_service/internal/repository/mocks/repository.go:74.85,79.2 4 1
github.com/Paul1k96/microservices_course_chat_service/internal/repository/mocks/repository.go:82.80,85.2 2 1
github.com/Paul1k96/microservices_course_chat_service/internal/repository/mocks/repository.go:100.79,104.2 3 1
github.com/Paul1k96/microservices_course_chat_service/internal/repository/mocks/repository.go:107.77,109.2 1 1
github.com/Paul1k96/microservices_course_chat_service/internal/repository/mocks/repository.go:112.91,117.2 4 1
github.com/Paul1k96/microservices_course_chat_service/internal/repository/mocks/repository.go:120.84,123.2 2 1
github.com/Paul1k96/microservices_course_chat_service/internal/repository/mocks/repository.go:138.73,142.2 3 1
github.com/Paul1k96/microservices_course_chat_service/internal/repository/mocks/repository.go:145.71,147.2 1 1
github.com/Paul1k96/microservices_course_chat_service/internal/repository/mocks/repository.go:150.93,156.2 5 0
github.com/Paul1k96/microservices_course_chat_service/internal/repository/mocks/repository.go:159.73,162.2 2 0
github.com/Paul1k96/microservices_course_chat_service/internal/repository/mocks/repository.go:165.96,171.2 5 1
github.com/Paul1k96/microservices_course_chat_service/internal/repository/mocks/repository.go:174.75,177.2 2 1
github.com/Paul1k96/microservices_course_chat_service/internal/service/chat/create_chat.go:11.92,14.77 2 1
github.com/Paul1k96/microservices_course_chat_service/internal/service/chat/create_chat.go:14.77,17.17 2 1
github.com/Paul1k96/microservices_course_chat_service/internal/service/chat/create_chat.go:17.17,19.4 1 1
github.com/Paul1k96/microservices_course_chat_service/internal/service/chat/create_chat.go:21.3,22.17 2 1
github.com/Paul1k96/microservices_course_chat_service/internal/service/chat/create_chat.go:22.17,24.4 1 1
github.com/Paul1k96/microservices_course_chat_service/internal/service/chat/create_chat.go:26.3,29.17 3 1
github.com/Paul1k96/microservices_course_chat_service/internal/service/chat/create_chat.go:29.17,31.4 1 1
github.com/Paul1k96/microservices_course_chat_service/internal/service/chat/create_chat.go:33.3,33.13 1 1
github.com/Paul1k96/microservices_course_chat_service/internal/service/chat/create_chat.go:34.19,36.3 1 1
github.com/Paul1k96/microservices_course_chat_service/internal/service/chat/create_chat.go:38.2,38.20 1 1
github.com/Paul1k96/microservices_course_chat_service/internal/service/chat/create_chat.go:41.93,43.16 2 1
github.com/Paul1k96/microservices_course_chat_service/internal/service/chat/create_chat.go:43.16,45.3 1 1
github.com/Paul1k96/microservices_course_chat_service/internal/service/chat/create_chat.go:47.2,47.19 1 1
github.com/Paul1k96/microservices_course_chat_service/internal/service/chat/delete_chat.go:10.74,12.16 2 1
github.com/Paul1k96/microservices_course_chat_service/internal/service/chat/delete_chat.go:12.16,14.3 1 1
github.com/Paul1k96/microservices_course_chat_service/internal/service/chat/delete_chat.go:16.2,16.12 1 1
github.com/Paul1k96/microservices_course_chat_service/internal/service/chat/send_message.go:11.82,14.2 2 1
github.com/Paul1k96/microservices_course_chat_service/internal/service/chat/service.go:22.19,29.2 1 1
github.com/Paul1k96/microservices_course_chat_service/internal/testmodel/chat.go:11.28,21.2 4 1
github.com/Paul1k96/microservices_course_chat_service/internal/testmodel/message.go:11.34,23.2 4 1
github.com/Paul1k96/microservices_course_chat_service/internal/testmodel/user.go:9.41,11.32 2 1
github.com/Paul1k96/microservices_course_chat_service/internal/testmodel/user.go:11.32,13.3 1 1
github.com/Paul1k96/microservices_course_chat_service/internal/testmodel/user.go:15.2,15.12 1 1
github.com/Paul1k96/microservices_course_chat_service/internal/testmodel/user.go:19.28,29.2 4 1
